<?xml version="1.0" encoding="UTF-8"?>
<testsuite xmlns:xsi="http://www.w3.org/2001/XMLSchema-instance" xsi:noNamespaceSchemaLocation="https://maven.apache.org/surefire/maven-surefire-plugin/xsd/surefire-test-report-3.0.xsd" version="3.0" name="com.red.App.AppApplicationTests" time="4.532" tests="1" errors="0" skipped="0" failures="0">
  <properties>
[...]
</properties>
  <testcase name="contextLoads" classname="com.red.App.AppApplicationTests" time="1.334">
    <system-out><![CDATA[23:18:49.237 [main] INFO org.springframework.test.context.support.AnnotationConfigContextLoaderUtils -- Could not detect default configuration classes for test class [com.red.App.AppApplicationTests]: AppApplicationTests does not declare any static, non-private, non-final, nested classes annotated with @Configuration.
23:18:49.425 [main] INFO org.springframework.boot.test.context.SpringBootTestContextBootstrapper -- Found @SpringBootConfiguration com.red.App.AppApplication for test class com.red.App.AppApplicationTests

  .   ____          _            __ _ _
 /\\ / ___'_ __ _ _(_)_ __  __ _ \ \ \ \
( ( )\___ | '_ | '_| | '_ \/ _` | \ \ \ \
 \\/  ___)| |_)| | | | | || (_| |  ) ) ) )
  '  |____| .__|_| |_|_| |_\__, | / / / /
 =========|_|==============|___/=/_/_/_/
 :: Spring Boot ::                (v3.1.3)

2023-09-13T23:18:50.084+01:00  INFO 16981 --- [           main] com.red.App.AppApplicationTests          : Starting AppApplicationTests using Java 20.0.1 with PID 16981 (started by mac in /Users/mac/Downloads/App)
2023-09-13T23:18:50.087+01:00  INFO 16981 --- [           main] com.red.App.AppApplicationTests          : No active profile set, falling back to 1 default profile: "default"
2023-09-13T23:18:52.066+01:00  INFO 16981 --- [           main] com.red.App.AppApplicationTests          : Started AppApplicationTests in 2.394 seconds (process running for 4.088)
]]></system-out>
  </testcase>
</testsuite>